2013/08/20 14:48:17 [error] [exception.CHttpException.404] exception 'CHttpException' with message 'Unable to resolve the request "favicon.ico".' in /home1/owomoyel/yii/framework/web/CWebApplication.php:286
Stack trace:
#0 /home1/owomoyel/yii/framework/web/CWebApplication.php(141): CWebApplication->runController('favicon.ico')
#1 /home1/owomoyel/yii/framework/base/CApplication.php(180): CWebApplication->processRequest()
#2 /home1/owomoyel/public_html/subdomain_ano/index.php(13): CApplication->run()
#3 {main}
REQUEST_URI=/favicon.ico
---
2013/08/20 14:48:18 [error] [exception.CHttpException.404] exception 'CHttpException' with message 'Unable to resolve the request "favicon.ico".' in /home1/owomoyel/yii/framework/web/CWebApplication.php:286
Stack trace:
#0 /home1/owomoyel/yii/framework/web/CWebApplication.php(141): CWebApplication->runController('favicon.ico')
#1 /home1/owomoyel/yii/framework/base/CApplication.php(180): CWebApplication->processRequest()
#2 /home1/owomoyel/public_html/subdomain_ano/index.php(13): CApplication->run()
#3 {main}
REQUEST_URI=/favicon.ico
---
2013/08/20 14:48:20 [error] [exception.CHttpException.404] exception 'CHttpException' with message 'Unable to resolve the request "favicon.ico".' in /home1/owomoyel/yii/framework/web/CWebApplication.php:286
Stack trace:
#0 /home1/owomoyel/yii/framework/web/CWebApplication.php(141): CWebApplication->runController('favicon.ico')
#1 /home1/owomoyel/yii/framework/base/CApplication.php(180): CWebApplication->processRequest()
#2 /home1/owomoyel/public_html/subdomain_ano/index.php(13): CApplication->run()
#3 {main}
REQUEST_URI=/favicon.ico
---
2013/08/20 14:48:25 [error] [exception.CHttpException.404] exception 'CHttpException' with message 'Unable to resolve the request "favicon.ico".' in /home1/owomoyel/yii/framework/web/CWebApplication.php:286
Stack trace:
#0 /home1/owomoyel/yii/framework/web/CWebApplication.php(141): CWebApplication->runController('favicon.ico')
#1 /home1/owomoyel/yii/framework/base/CApplication.php(180): CWebApplication->processRequest()
#2 /home1/owomoyel/public_html/subdomain_ano/index.php(13): CApplication->run()
#3 {main}
REQUEST_URI=/favicon.ico
---
2013/08/20 14:48:27 [error] [exception.CHttpException.404] exception 'CHttpException' with message 'Unable to resolve the request "favicon.ico".' in /home1/owomoyel/yii/framework/web/CWebApplication.php:286
Stack trace:
#0 /home1/owomoyel/yii/framework/web/CWebApplication.php(141): CWebApplication->runController('favicon.ico')
#1 /home1/owomoyel/yii/framework/base/CApplication.php(180): CWebApplication->processRequest()
#2 /home1/owomoyel/public_html/subdomain_ano/index.php(13): CApplication->run()
#3 {main}
REQUEST_URI=/favicon.ico
---
2013/08/20 14:48:30 [error] [exception.CHttpException.404] exception 'CHttpException' with message 'Unable to resolve the request "web/index".' in /home1/owomoyel/yii/framework/web/CWebApplication.php:286
Stack trace:
#0 /home1/owomoyel/yii/framework/web/CWebApplication.php(141): CWebApplication->runController('web/index')
#1 /home1/owomoyel/yii/framework/base/CApplication.php(180): CWebApplication->processRequest()
#2 /home1/owomoyel/public_html/subdomain_ano/index.php(13): CApplication->run()
#3 {main}
REQUEST_URI=/web/index
HTTP_REFERER=http://ano.owomoyela.net/
---
2013/08/20 14:48:30 [error] [exception.CHttpException.404] exception 'CHttpException' with message 'Unable to resolve the request "favicon.ico".' in /home1/owomoyel/yii/framework/web/CWebApplication.php:286
Stack trace:
#0 /home1/owomoyel/yii/framework/web/CWebApplication.php(141): CWebApplication->runController('favicon.ico')
#1 /home1/owomoyel/yii/framework/base/CApplication.php(180): CWebApplication->processRequest()
#2 /home1/owomoyel/public_html/subdomain_ano/index.php(13): CApplication->run()
#3 {main}
REQUEST_URI=/favicon.ico
---
2013/08/20 14:48:33 [error] [exception.CHttpException.404] exception 'CHttpException' with message 'Unable to resolve the request "favicon.ico".' in /home1/owomoyel/yii/framework/web/CWebApplication.php:286
Stack trace:
#0 /home1/owomoyel/yii/framework/web/CWebApplication.php(141): CWebApplication->runController('favicon.ico')
#1 /home1/owomoyel/yii/framework/base/CApplication.php(180): CWebApplication->processRequest()
#2 /home1/owomoyel/public_html/subdomain_ano/index.php(13): CApplication->run()
#3 {main}
REQUEST_URI=/favicon.ico
---
2013/08/20 14:48:37 [error] [exception.CHttpException.404] exception 'CHttpException' with message 'The system is unable to find the requested action "about".' in /home1/owomoyel/yii/framework/web/CController.php:483
Stack trace:
#0 /home1/owomoyel/yii/framework/web/CController.php(270): CController->missingAction('about')
#1 /home1/owomoyel/yii/framework/web/CWebApplication.php(282): CController->run('about')
#2 /home1/owomoyel/yii/framework/web/CWebApplication.php(141): CWebApplication->runController('site/about')
#3 /home1/owomoyel/yii/framework/base/CApplication.php(180): CWebApplication->processRequest()
#4 /home1/owomoyel/public_html/subdomain_ano/index.php(13): CApplication->run()
#5 {main}
REQUEST_URI=/site/about
HTTP_REFERER=http://ano.owomoyela.net/
---
2013/08/20 14:48:38 [error] [exception.CHttpException.404] exception 'CHttpException' with message 'Unable to resolve the request "favicon.ico".' in /home1/owomoyel/yii/framework/web/CWebApplication.php:286
Stack trace:
#0 /home1/owomoyel/yii/framework/web/CWebApplication.php(141): CWebApplication->runController('favicon.ico')
#1 /home1/owomoyel/yii/framework/base/CApplication.php(180): CWebApplication->processRequest()
#2 /home1/owomoyel/public_html/subdomain_ano/index.php(13): CApplication->run()
#3 {main}
REQUEST_URI=/favicon.ico
---
2013/08/20 14:48:40 [error] [exception.CHttpException.404] exception 'CHttpException' with message 'Unable to resolve the request "favicon.ico".' in /home1/owomoyel/yii/framework/web/CWebApplication.php:286
Stack trace:
#0 /home1/owomoyel/yii/framework/web/CWebApplication.php(141): CWebApplication->runController('favicon.ico')
#1 /home1/owomoyel/yii/framework/base/CApplication.php(180): CWebApplication->processRequest()
#2 /home1/owomoyel/public_html/subdomain_ano/index.php(13): CApplication->run()
#3 {main}
REQUEST_URI=/favicon.ico
---
2013/08/20 14:51:29 [error] [exception.CHttpException.404] exception 'CHttpException' with message 'Unable to resolve the request "favicon.ico".' in /home1/owomoyel/yii/framework/web/CWebApplication.php:286
Stack trace:
#0 /home1/owomoyel/yii/framework/web/CWebApplication.php(141): CWebApplication->runController('favicon.ico')
#1 /home1/owomoyel/yii/framework/base/CApplication.php(180): CWebApplication->processRequest()
#2 /home1/owomoyel/public_html/subdomain_ano/index.php(13): CApplication->run()
#3 {main}
REQUEST_URI=/favicon.ico
---
2013/08/20 14:53:16 [error] [exception.CHttpException.404] exception 'CHttpException' with message 'Unable to resolve the request "favicon.ico".' in /home1/owomoyel/yii/framework/web/CWebApplication.php:286
Stack trace:
#0 /home1/owomoyel/yii/framework/web/CWebApplication.php(141): CWebApplication->runController('favicon.ico')
#1 /home1/owomoyel/yii/framework/base/CApplication.php(180): CWebApplication->processRequest()
#2 /home1/owomoyel/public_html/subdomain_ano/index.php(13): CApplication->run()
#3 {main}
REQUEST_URI=/favicon.ico
---
2013/08/20 14:53:35 [error] [exception.CHttpException.404] exception 'CHttpException' with message 'Unable to resolve the request "favicon.ico".' in /home1/owomoyel/yii/framework/web/CWebApplication.php:286
Stack trace:
#0 /home1/owomoyel/yii/framework/web/CWebApplication.php(141): CWebApplication->runController('favicon.ico')
#1 /home1/owomoyel/yii/framework/base/CApplication.php(180): CWebApplication->processRequest()
#2 /home1/owomoyel/public_html/subdomain_ano/index.php(13): CApplication->run()
#3 {main}
REQUEST_URI=/favicon.ico
---
2013/08/20 14:53:45 [error] [exception.CHttpException.404] exception 'CHttpException' with message 'Unable to resolve the request "favicon.ico".' in /home1/owomoyel/yii/framework/web/CWebApplication.php:286
Stack trace:
#0 /home1/owomoyel/yii/framework/web/CWebApplication.php(141): CWebApplication->runController('favicon.ico')
#1 /home1/owomoyel/yii/framework/base/CApplication.php(180): CWebApplication->processRequest()
#2 /home1/owomoyel/public_html/subdomain_ano/index.php(13): CApplication->run()
#3 {main}
REQUEST_URI=/favicon.ico
---
2013/08/20 14:53:50 [error] [exception.CHttpException.404] exception 'CHttpException' with message 'Unable to resolve the request "favicon.ico".' in /home1/owomoyel/yii/framework/web/CWebApplication.php:286
Stack trace:
#0 /home1/owomoyel/yii/framework/web/CWebApplication.php(141): CWebApplication->runController('favicon.ico')
#1 /home1/owomoyel/yii/framework/base/CApplication.php(180): CWebApplication->processRequest()
#2 /home1/owomoyel/public_html/subdomain_ano/index.php(13): CApplication->run()
#3 {main}
REQUEST_URI=/favicon.ico
---
2013/08/20 14:53:56 [error] [exception.CHttpException.404] exception 'CHttpException' with message 'Unable to resolve the request "favicon.ico".' in /home1/owomoyel/yii/framework/web/CWebApplication.php:286
Stack trace:
#0 /home1/owomoyel/yii/framework/web/CWebApplication.php(141): CWebApplication->runController('favicon.ico')
#1 /home1/owomoyel/yii/framework/base/CApplication.php(180): CWebApplication->processRequest()
#2 /home1/owomoyel/public_html/subdomain_ano/index.php(13): CApplication->run()
#3 {main}
REQUEST_URI=/favicon.ico
---
2013/08/20 14:54:21 [error] [exception.CHttpException.404] exception 'CHttpException' with message 'Unable to resolve the request "favicon.ico".' in /home1/owomoyel/yii/framework/web/CWebApplication.php:286
Stack trace:
#0 /home1/owomoyel/yii/framework/web/CWebApplication.php(141): CWebApplication->runController('favicon.ico')
#1 /home1/owomoyel/yii/framework/base/CApplication.php(180): CWebApplication->processRequest()
#2 /home1/owomoyel/public_html/subdomain_ano/index.php(13): CApplication->run()
#3 {main}
REQUEST_URI=/favicon.ico
---
2013/08/20 14:54:23 [error] [exception.CHttpException.404] exception 'CHttpException' with message 'Unable to resolve the request "assets/images/an/_resampled/ResizedImage325325-smiley.jpg".' in /home1/owomoyel/yii/framework/web/CWebApplication.php:286
Stack trace:
#0 /home1/owomoyel/yii/framework/web/CWebApplication.php(141): CWebApplication->runController('assets/images/a...')
#1 /home1/owomoyel/yii/framework/base/CApplication.php(180): CWebApplication->processRequest()
#2 /home1/owomoyel/public_html/subdomain_ano/index.php(13): CApplication->run()
#3 {main}
REQUEST_URI=/assets/images/an/_resampled/ResizedImage325325-smiley.jpg
HTTP_REFERER=http://ano.owomoyela.net/about
---
2013/08/20 14:54:23 [error] [exception.CHttpException.404] exception 'CHttpException' with message 'Unable to resolve the request "favicon.ico".' in /home1/owomoyel/yii/framework/web/CWebApplication.php:286
Stack trace:
#0 /home1/owomoyel/yii/framework/web/CWebApplication.php(141): CWebApplication->runController('favicon.ico')
#1 /home1/owomoyel/yii/framework/base/CApplication.php(180): CWebApplication->processRequest()
#2 /home1/owomoyel/public_html/subdomain_ano/index.php(13): CApplication->run()
#3 {main}
REQUEST_URI=/favicon.ico
---
2013/08/20 15:01:48 [error] [exception.CHttpException.404] exception 'CHttpException' with message 'Unable to resolve the request "favicon.ico".' in /home1/owomoyel/yii/framework/web/CWebApplication.php:286
Stack trace:
#0 /home1/owomoyel/yii/framework/web/CWebApplication.php(141): CWebApplication->runController('favicon.ico')
#1 /home1/owomoyel/yii/framework/base/CApplication.php(180): CWebApplication->processRequest()
#2 /home1/owomoyel/public_html/subdomain_ano/index.php(13): CApplication->run()
#3 {main}
REQUEST_URI=/favicon.ico
---
2013/08/20 15:01:50 [error] [exception.CHttpException.404] exception 'CHttpException' with message 'Unable to resolve the request "favicon.ico".' in /home1/owomoyel/yii/framework/web/CWebApplication.php:286
Stack trace:
#0 /home1/owomoyel/yii/framework/web/CWebApplication.php(141): CWebApplication->runController('favicon.ico')
#1 /home1/owomoyel/yii/framework/base/CApplication.php(180): CWebApplication->processRequest()
#2 /home1/owomoyel/public_html/subdomain_ano/index.php(13): CApplication->run()
#3 {main}
REQUEST_URI=/favicon.ico
---
2013/08/20 15:02:13 [error] [exception.CHttpException.404] exception 'CHttpException' with message 'Unable to resolve the request "favicon.ico".' in /home1/owomoyel/yii/framework/web/CWebApplication.php:286
Stack trace:
#0 /home1/owomoyel/yii/framework/web/CWebApplication.php(141): CWebApplication->runController('favicon.ico')
#1 /home1/owomoyel/yii/framework/base/CApplication.php(180): CWebApplication->processRequest()
#2 /home1/owomoyel/public_html/subdomain_ano/index.php(13): CApplication->run()
#3 {main}
REQUEST_URI=/favicon.ico
---
2013/08/20 15:04:01 [error] [exception.CHttpException.404] exception 'CHttpException' with message 'Unable to resolve the request "favicon.ico".' in /home1/owomoyel/yii/framework/web/CWebApplication.php:286
Stack trace:
#0 /home1/owomoyel/yii/framework/web/CWebApplication.php(141): CWebApplication->runController('favicon.ico')
#1 /home1/owomoyel/yii/framework/base/CApplication.php(180): CWebApplication->processRequest()
#2 /home1/owomoyel/public_html/subdomain_ano/index.php(13): CApplication->run()
#3 {main}
REQUEST_URI=/favicon.ico
---
2013/08/20 15:10:27 [error] [exception.CHttpException.404] exception 'CHttpException' with message 'Unable to resolve the request "favicon.ico".' in /home1/owomoyel/yii/framework/web/CWebApplication.php:286
Stack trace:
#0 /home1/owomoyel/yii/framework/web/CWebApplication.php(141): CWebApplication->runController('favicon.ico')
#1 /home1/owomoyel/yii/framework/base/CApplication.php(180): CWebApplication->processRequest()
#2 /home1/owomoyel/public_html/subdomain_ano/index.php(13): CApplication->run()
#3 {main}
REQUEST_URI=/favicon.ico
---
2013/08/20 15:10:31 [error] [exception.CHttpException.404] exception 'CHttpException' with message 'Unable to resolve the request "favicon.ico".' in /home1/owomoyel/yii/framework/web/CWebApplication.php:286
Stack trace:
#0 /home1/owomoyel/yii/framework/web/CWebApplication.php(141): CWebApplication->runController('favicon.ico')
#1 /home1/owomoyel/yii/framework/base/CApplication.php(180): CWebApplication->processRequest()
#2 /home1/owomoyel/public_html/subdomain_ano/index.php(13): CApplication->run()
#3 {main}
REQUEST_URI=/favicon.ico
---
2013/08/20 15:10:49 [error] [exception.CHttpException.404] exception 'CHttpException' with message 'Unable to resolve the request "favicon.ico".' in /home1/owomoyel/yii/framework/web/CWebApplication.php:286
Stack trace:
#0 /home1/owomoyel/yii/framework/web/CWebApplication.php(141): CWebApplication->runController('favicon.ico')
#1 /home1/owomoyel/yii/framework/base/CApplication.php(180): CWebApplication->processRequest()
#2 /home1/owomoyel/public_html/subdomain_ano/index.php(13): CApplication->run()
#3 {main}
REQUEST_URI=/favicon.ico
---
2013/08/20 15:18:18 [error] [exception.CHttpException.404] exception 'CHttpException' with message 'Unable to resolve the request "favicon.ico".' in /home1/owomoyel/yii/framework/web/CWebApplication.php:286
Stack trace:
#0 /home1/owomoyel/yii/framework/web/CWebApplication.php(141): CWebApplication->runController('favicon.ico')
#1 /home1/owomoyel/yii/framework/base/CApplication.php(180): CWebApplication->processRequest()
#2 /home1/owomoyel/public_html/subdomain_ano/index.php(13): CApplication->run()
#3 {main}
REQUEST_URI=/favicon.ico
---
2013/08/20 15:23:08 [error] [exception.CHttpException.404] exception 'CHttpException' with message 'Unable to resolve the request "favicon.ico".' in /home1/owomoyel/yii/framework/web/CWebApplication.php:286
Stack trace:
#0 /home1/owomoyel/yii/framework/web/CWebApplication.php(141): CWebApplication->runController('favicon.ico')
#1 /home1/owomoyel/yii/framework/base/CApplication.php(180): CWebApplication->processRequest()
#2 /home1/owomoyel/public_html/subdomain_ano/index.php(13): CApplication->run()
#3 {main}
REQUEST_URI=/favicon.ico
---
2013/08/20 15:32:48 [error] [exception.CHttpException.404] exception 'CHttpException' with message 'Unable to resolve the request "home1/owomoyel/public_html/subdomain_ano/protected/images/site/250_bio".' in /home1/owomoyel/yii/framework/web/CWebApplication.php:286
Stack trace:
#0 /home1/owomoyel/yii/framework/web/CWebApplication.php(141): CWebApplication->runController('home1/owomoyel/...')
#1 /home1/owomoyel/yii/framework/base/CApplication.php(180): CWebApplication->processRequest()
#2 /home1/owomoyel/public_html/subdomain_ano/index.php(13): CApplication->run()
#3 {main}
REQUEST_URI=/home1/owomoyel/public_html/subdomain_ano/protected/images/site/250_bio/
HTTP_REFERER=http://ano.owomoyela.net/about
---
2013/08/20 15:32:48 [error] [exception.CHttpException.404] exception 'CHttpException' with message 'Unable to resolve the request "favicon.ico".' in /home1/owomoyel/yii/framework/web/CWebApplication.php:286
Stack trace:
#0 /home1/owomoyel/yii/framework/web/CWebApplication.php(141): CWebApplication->runController('favicon.ico')
#1 /home1/owomoyel/yii/framework/base/CApplication.php(180): CWebApplication->processRequest()
#2 /home1/owomoyel/public_html/subdomain_ano/index.php(13): CApplication->run()
#3 {main}
REQUEST_URI=/favicon.ico
---
2013/08/20 15:32:51 [error] [exception.CHttpException.404] exception 'CHttpException' with message 'Unable to resolve the request "home1/owomoyel/public_html/subdomain_ano/protected/images/site/250_bio".' in /home1/owomoyel/yii/framework/web/CWebApplication.php:286
Stack trace:
#0 /home1/owomoyel/yii/framework/web/CWebApplication.php(141): CWebApplication->runController('home1/owomoyel/...')
#1 /home1/owomoyel/yii/framework/base/CApplication.php(180): CWebApplication->processRequest()
#2 /home1/owomoyel/public_html/subdomain_ano/index.php(13): CApplication->run()
#3 {main}
REQUEST_URI=/home1/owomoyel/public_html/subdomain_ano/protected/images/site/250_bio/
HTTP_REFERER=http://ano.owomoyela.net/about
---
2013/08/20 15:32:51 [error] [exception.CHttpException.404] exception 'CHttpException' with message 'Unable to resolve the request "favicon.ico".' in /home1/owomoyel/yii/framework/web/CWebApplication.php:286
Stack trace:
#0 /home1/owomoyel/yii/framework/web/CWebApplication.php(141): CWebApplication->runController('favicon.ico')
#1 /home1/owomoyel/yii/framework/base/CApplication.php(180): CWebApplication->processRequest()
#2 /home1/owomoyel/public_html/subdomain_ano/index.php(13): CApplication->run()
#3 {main}
REQUEST_URI=/favicon.ico
---
2013/08/20 15:32:55 [error] [exception.CHttpException.404] exception 'CHttpException' with message 'Unable to resolve the request "favicon.ico".' in /home1/owomoyel/yii/framework/web/CWebApplication.php:286
Stack trace:
#0 /home1/owomoyel/yii/framework/web/CWebApplication.php(141): CWebApplication->runController('favicon.ico')
#1 /home1/owomoyel/yii/framework/base/CApplication.php(180): CWebApplication->processRequest()
#2 /home1/owomoyel/public_html/subdomain_ano/index.php(13): CApplication->run()
#3 {main}
REQUEST_URI=/favicon.ico
---
2013/08/20 15:34:17 [error] [exception.CHttpException.404] exception 'CHttpException' with message 'Unable to resolve the request "favicon.ico".' in /home1/owomoyel/yii/framework/web/CWebApplication.php:286
Stack trace:
#0 /home1/owomoyel/yii/framework/web/CWebApplication.php(141): CWebApplication->runController('favicon.ico')
#1 /home1/owomoyel/yii/framework/base/CApplication.php(180): CWebApplication->processRequest()
#2 /home1/owomoyel/public_html/subdomain_ano/index.php(13): CApplication->run()
#3 {main}
REQUEST_URI=/favicon.ico
---
2013/08/20 15:34:20 [error] [exception.CHttpException.404] exception 'CHttpException' with message 'Unable to resolve the request "favicon.ico".' in /home1/owomoyel/yii/framework/web/CWebApplication.php:286
Stack trace:
#0 /home1/owomoyel/yii/framework/web/CWebApplication.php(141): CWebApplication->runController('favicon.ico')
#1 /home1/owomoyel/yii/framework/base/CApplication.php(180): CWebApplication->processRequest()
#2 /home1/owomoyel/public_html/subdomain_ano/index.php(13): CApplication->run()
#3 {main}
REQUEST_URI=/favicon.ico
---
2013/08/20 15:34:24 [error] [exception.CHttpException.404] exception 'CHttpException' with message 'Unable to resolve the request "favicon.ico".' in /home1/owomoyel/yii/framework/web/CWebApplication.php:286
Stack trace:
#0 /home1/owomoyel/yii/framework/web/CWebApplication.php(141): CWebApplication->runController('favicon.ico')
#1 /home1/owomoyel/yii/framework/base/CApplication.php(180): CWebApplication->processRequest()
#2 /home1/owomoyel/public_html/subdomain_ano/index.php(13): CApplication->run()
#3 {main}
REQUEST_URI=/favicon.ico
---
2013/08/20 15:35:09 [error] [exception.CHttpException.404] exception 'CHttpException' with message 'Unable to resolve the request "favicon.ico".' in /home1/owomoyel/yii/framework/web/CWebApplication.php:286
Stack trace:
#0 /home1/owomoyel/yii/framework/web/CWebApplication.php(141): CWebApplication->runController('favicon.ico')
#1 /home1/owomoyel/yii/framework/base/CApplication.php(180): CWebApplication->processRequest()
#2 /home1/owomoyel/public_html/subdomain_ano/index.php(13): CApplication->run()
#3 {main}
REQUEST_URI=/favicon.ico
---
2013/08/20 15:35:35 [error] [exception.CHttpException.404] exception 'CHttpException' with message 'Unable to resolve the request "favicon.ico".' in /home1/owomoyel/yii/framework/web/CWebApplication.php:286
Stack trace:
#0 /home1/owomoyel/yii/framework/web/CWebApplication.php(141): CWebApplication->runController('favicon.ico')
#1 /home1/owomoyel/yii/framework/base/CApplication.php(180): CWebApplication->processRequest()
#2 /home1/owomoyel/public_html/subdomain_ano/index.php(13): CApplication->run()
#3 {main}
REQUEST_URI=/favicon.ico
---
2013/08/20 15:35:37 [error] [exception.CHttpException.404] exception 'CHttpException' with message 'Unable to resolve the request "favicon.ico".' in /home1/owomoyel/yii/framework/web/CWebApplication.php:286
Stack trace:
#0 /home1/owomoyel/yii/framework/web/CWebApplication.php(141): CWebApplication->runController('favicon.ico')
#1 /home1/owomoyel/yii/framework/base/CApplication.php(180): CWebApplication->processRequest()
#2 /home1/owomoyel/public_html/subdomain_ano/index.php(13): CApplication->run()
#3 {main}
REQUEST_URI=/favicon.ico
---
2013/08/20 15:36:25 [error] [exception.CHttpException.404] exception 'CHttpException' with message 'Unable to resolve the request "favicon.ico".' in /home1/owomoyel/yii/framework/web/CWebApplication.php:286
Stack trace:
#0 /home1/owomoyel/yii/framework/web/CWebApplication.php(141): CWebApplication->runController('favicon.ico')
#1 /home1/owomoyel/yii/framework/base/CApplication.php(180): CWebApplication->processRequest()
#2 /home1/owomoyel/public_html/subdomain_ano/index.php(13): CApplication->run()
#3 {main}
REQUEST_URI=/favicon.ico
---
2013/08/20 15:36:27 [error] [exception.CHttpException.404] exception 'CHttpException' with message 'Unable to resolve the request "favicon.ico".' in /home1/owomoyel/yii/framework/web/CWebApplication.php:286
Stack trace:
#0 /home1/owomoyel/yii/framework/web/CWebApplication.php(141): CWebApplication->runController('favicon.ico')
#1 /home1/owomoyel/yii/framework/base/CApplication.php(180): CWebApplication->processRequest()
#2 /home1/owomoyel/public_html/subdomain_ano/index.php(13): CApplication->run()
#3 {main}
REQUEST_URI=/favicon.ico
---
2013/08/20 15:36:28 [error] [exception.CHttpException.404] exception 'CHttpException' with message 'Unable to resolve the request "favicon.ico".' in /home1/owomoyel/yii/framework/web/CWebApplication.php:286
Stack trace:
#0 /home1/owomoyel/yii/framework/web/CWebApplication.php(141): CWebApplication->runController('favicon.ico')
#1 /home1/owomoyel/yii/framework/base/CApplication.php(180): CWebApplication->processRequest()
#2 /home1/owomoyel/public_html/subdomain_ano/index.php(13): CApplication->run()
#3 {main}
REQUEST_URI=/favicon.ico
---
2013/08/20 15:36:29 [error] [exception.CHttpException.404] exception 'CHttpException' with message 'Unable to resolve the request "favicon.ico".' in /home1/owomoyel/yii/framework/web/CWebApplication.php:286
Stack trace:
#0 /home1/owomoyel/yii/framework/web/CWebApplication.php(141): CWebApplication->runController('favicon.ico')
#1 /home1/owomoyel/yii/framework/base/CApplication.php(180): CWebApplication->processRequest()
#2 /home1/owomoyel/public_html/subdomain_ano/index.php(13): CApplication->run()
#3 {main}
REQUEST_URI=/favicon.ico
---
2013/08/20 15:41:19 [error] [exception.CHttpException.404] exception 'CHttpException' with message 'Unable to resolve the request "images/site/250_bio//images/site/250_bio".' in /home1/owomoyel/yii/framework/web/CWebApplication.php:286
Stack trace:
#0 /home1/owomoyel/yii/framework/web/CWebApplication.php(141): CWebApplication->runController('images/site/250...')
#1 /home1/owomoyel/yii/framework/base/CApplication.php(180): CWebApplication->processRequest()
#2 /home1/owomoyel/public_html/subdomain_ano/index.php(13): CApplication->run()
#3 {main}
REQUEST_URI=/images/site/250_bio//images/site/250_bio/
HTTP_REFERER=http://ano.owomoyela.net/about
---
2013/08/20 15:41:19 [error] [exception.CHttpException.404] exception 'CHttpException' with message 'Unable to resolve the request "favicon.ico".' in /home1/owomoyel/yii/framework/web/CWebApplication.php:286
Stack trace:
#0 /home1/owomoyel/yii/framework/web/CWebApplication.php(141): CWebApplication->runController('favicon.ico')
#1 /home1/owomoyel/yii/framework/base/CApplication.php(180): CWebApplication->processRequest()
#2 /home1/owomoyel/public_html/subdomain_ano/index.php(13): CApplication->run()
#3 {main}
REQUEST_URI=/favicon.ico
---
2013/08/20 15:41:22 [error] [exception.CHttpException.404] exception 'CHttpException' with message 'Unable to resolve the request "favicon.ico".' in /home1/owomoyel/yii/framework/web/CWebApplication.php:286
Stack trace:
#0 /home1/owomoyel/yii/framework/web/CWebApplication.php(141): CWebApplication->runController('favicon.ico')
#1 /home1/owomoyel/yii/framework/base/CApplication.php(180): CWebApplication->processRequest()
#2 /home1/owomoyel/public_html/subdomain_ano/index.php(13): CApplication->run()
#3 {main}
REQUEST_URI=/favicon.ico
---
2013/08/20 15:41:23 [error] [exception.CHttpException.404] exception 'CHttpException' with message 'Unable to resolve the request "favicon.ico".' in /home1/owomoyel/yii/framework/web/CWebApplication.php:286
Stack trace:
#0 /home1/owomoyel/yii/framework/web/CWebApplication.php(141): CWebApplication->runController('favicon.ico')
#1 /home1/owomoyel/yii/framework/base/CApplication.php(180): CWebApplication->processRequest()
#2 /home1/owomoyel/public_html/subdomain_ano/index.php(13): CApplication->run()
#3 {main}
REQUEST_URI=/favicon.ico
---
2013/08/20 15:41:23 [error] [exception.CHttpException.404] exception 'CHttpException' with message 'Unable to resolve the request "favicon.ico".' in /home1/owomoyel/yii/framework/web/CWebApplication.php:286
Stack trace:
#0 /home1/owomoyel/yii/framework/web/CWebApplication.php(141): CWebApplication->runController('favicon.ico')
#1 /home1/owomoyel/yii/framework/base/CApplication.php(180): CWebApplication->processRequest()
#2 /home1/owomoyel/public_html/subdomain_ano/index.php(13): CApplication->run()
#3 {main}
REQUEST_URI=/favicon.ico
---
2013/08/20 15:41:54 [error] [exception.CHttpException.404] exception 'CHttpException' with message 'Unable to resolve the request "favicon.ico".' in /home1/owomoyel/yii/framework/web/CWebApplication.php:286
Stack trace:
#0 /home1/owomoyel/yii/framework/web/CWebApplication.php(141): CWebApplication->runController('favicon.ico')
#1 /home1/owomoyel/yii/framework/base/CApplication.php(180): CWebApplication->processRequest()
#2 /home1/owomoyel/public_html/subdomain_ano/index.php(13): CApplication->run()
#3 {main}
REQUEST_URI=/favicon.ico
---
2013/08/20 15:41:55 [error] [exception.CHttpException.404] exception 'CHttpException' with message 'Unable to resolve the request "favicon.ico".' in /home1/owomoyel/yii/framework/web/CWebApplication.php:286
Stack trace:
#0 /home1/owomoyel/yii/framework/web/CWebApplication.php(141): CWebApplication->runController('favicon.ico')
#1 /home1/owomoyel/yii/framework/base/CApplication.php(180): CWebApplication->processRequest()
#2 /home1/owomoyel/public_html/subdomain_ano/index.php(13): CApplication->run()
#3 {main}
REQUEST_URI=/favicon.ico
---
2013/08/20 15:41:56 [error] [exception.CHttpException.404] exception 'CHttpException' with message 'Unable to resolve the request "favicon.ico".' in /home1/owomoyel/yii/framework/web/CWebApplication.php:286
Stack trace:
#0 /home1/owomoyel/yii/framework/web/CWebApplication.php(141): CWebApplication->runController('favicon.ico')
#1 /home1/owomoyel/yii/framework/base/CApplication.php(180): CWebApplication->processRequest()
#2 /home1/owomoyel/public_html/subdomain_ano/index.php(13): CApplication->run()
#3 {main}
REQUEST_URI=/favicon.ico
---
2013/08/20 15:42:41 [error] [exception.CHttpException.404] exception 'CHttpException' with message 'Unable to resolve the request "images/site/250_bio/index-test.php".' in /home1/owomoyel/yii/framework/web/CWebApplication.php:286
Stack trace:
#0 /home1/owomoyel/yii/framework/web/CWebApplication.php(141): CWebApplication->runController('images/site/250...')
#1 /home1/owomoyel/yii/framework/base/CApplication.php(180): CWebApplication->processRequest()
#2 /home1/owomoyel/public_html/subdomain_ano/index.php(13): CApplication->run()
#3 {main}
REQUEST_URI=/images/site/250_bio/index-test.php
HTTP_REFERER=http://ano.owomoyela.net/about
---
2013/08/20 15:42:41 [error] [exception.CHttpException.404] exception 'CHttpException' with message 'Unable to resolve the request "favicon.ico".' in /home1/owomoyel/yii/framework/web/CWebApplication.php:286
Stack trace:
#0 /home1/owomoyel/yii/framework/web/CWebApplication.php(141): CWebApplication->runController('favicon.ico')
#1 /home1/owomoyel/yii/framework/base/CApplication.php(180): CWebApplication->processRequest()
#2 /home1/owomoyel/public_html/subdomain_ano/index.php(13): CApplication->run()
#3 {main}
REQUEST_URI=/favicon.ico
---
2013/08/20 15:42:45 [error] [exception.CHttpException.404] exception 'CHttpException' with message 'Unable to resolve the request "favicon.ico".' in /home1/owomoyel/yii/framework/web/CWebApplication.php:286
Stack trace:
#0 /home1/owomoyel/yii/framework/web/CWebApplication.php(141): CWebApplication->runController('favicon.ico')
#1 /home1/owomoyel/yii/framework/base/CApplication.php(180): CWebApplication->processRequest()
#2 /home1/owomoyel/public_html/subdomain_ano/index.php(13): CApplication->run()
#3 {main}
REQUEST_URI=/favicon.ico
---
2013/08/20 15:43:23 [error] [exception.CHttpException.404] exception 'CHttpException' with message 'Unable to resolve the request "images/site/250_bio/images/site/250_bio/bio_beach_250.jpg".' in /home1/owomoyel/yii/framework/web/CWebApplication.php:286
Stack trace:
#0 /home1/owomoyel/yii/framework/web/CWebApplication.php(141): CWebApplication->runController('images/site/250...')
#1 /home1/owomoyel/yii/framework/base/CApplication.php(180): CWebApplication->processRequest()
#2 /home1/owomoyel/public_html/subdomain_ano/index.php(13): CApplication->run()
#3 {main}
REQUEST_URI=/images/site/250_bio/images/site/250_bio/bio_beach_250.jpg
HTTP_REFERER=http://ano.owomoyela.net/about
---
2013/08/20 15:43:24 [error] [exception.CHttpException.404] exception 'CHttpException' with message 'Unable to resolve the request "favicon.ico".' in /home1/owomoyel/yii/framework/web/CWebApplication.php:286
Stack trace:
#0 /home1/owomoyel/yii/framework/web/CWebApplication.php(141): CWebApplication->runController('favicon.ico')
#1 /home1/owomoyel/yii/framework/base/CApplication.php(180): CWebApplication->processRequest()
#2 /home1/owomoyel/public_html/subdomain_ano/index.php(13): CApplication->run()
#3 {main}
REQUEST_URI=/favicon.ico
---
2013/08/20 15:43:28 [error] [exception.CHttpException.404] exception 'CHttpException' with message 'Unable to resolve the request "favicon.ico".' in /home1/owomoyel/yii/framework/web/CWebApplication.php:286
Stack trace:
#0 /home1/owomoyel/yii/framework/web/CWebApplication.php(141): CWebApplication->runController('favicon.ico')
#1 /home1/owomoyel/yii/framework/base/CApplication.php(180): CWebApplication->processRequest()
#2 /home1/owomoyel/public_html/subdomain_ano/index.php(13): CApplication->run()
#3 {main}
REQUEST_URI=/favicon.ico
---
2013/08/20 15:43:50 [error] [exception.CHttpException.404] exception 'CHttpException' with message 'Unable to resolve the request "favicon.ico".' in /home1/owomoyel/yii/framework/web/CWebApplication.php:286
Stack trace:
#0 /home1/owomoyel/yii/framework/web/CWebApplication.php(141): CWebApplication->runController('favicon.ico')
#1 /home1/owomoyel/yii/framework/base/CApplication.php(180): CWebApplication->processRequest()
#2 /home1/owomoyel/public_html/subdomain_ano/index.php(13): CApplication->run()
#3 {main}
REQUEST_URI=/favicon.ico
---
2013/08/20 15:43:52 [error] [exception.CHttpException.404] exception 'CHttpException' with message 'Unable to resolve the request "favicon.ico".' in /home1/owomoyel/yii/framework/web/CWebApplication.php:286
Stack trace:
#0 /home1/owomoyel/yii/framework/web/CWebApplication.php(141): CWebApplication->runController('favicon.ico')
#1 /home1/owomoyel/yii/framework/base/CApplication.php(180): CWebApplication->processRequest()
#2 /home1/owomoyel/public_html/subdomain_ano/index.php(13): CApplication->run()
#3 {main}
REQUEST_URI=/favicon.ico
---
2013/08/20 15:44:00 [error] [exception.CHttpException.404] exception 'CHttpException' with message 'Unable to resolve the request "favicon.ico".' in /home1/owomoyel/yii/framework/web/CWebApplication.php:286
Stack trace:
#0 /home1/owomoyel/yii/framework/web/CWebApplication.php(141): CWebApplication->runController('favicon.ico')
#1 /home1/owomoyel/yii/framework/base/CApplication.php(180): CWebApplication->processRequest()
#2 /home1/owomoyel/public_html/subdomain_ano/index.php(13): CApplication->run()
#3 {main}
REQUEST_URI=/favicon.ico
---
2013/08/20 15:44:00 [error] [exception.CHttpException.404] exception 'CHttpException' with message 'Unable to resolve the request "favicon.ico".' in /home1/owomoyel/yii/framework/web/CWebApplication.php:286
Stack trace:
#0 /home1/owomoyel/yii/framework/web/CWebApplication.php(141): CWebApplication->runController('favicon.ico')
#1 /home1/owomoyel/yii/framework/base/CApplication.php(180): CWebApplication->processRequest()
#2 /home1/owomoyel/public_html/subdomain_ano/index.php(13): CApplication->run()
#3 {main}
REQUEST_URI=/favicon.ico
---
2013/08/20 15:44:02 [error] [exception.CHttpException.404] exception 'CHttpException' with message 'Unable to resolve the request "favicon.ico".' in /home1/owomoyel/yii/framework/web/CWebApplication.php:286
Stack trace:
#0 /home1/owomoyel/yii/framework/web/CWebApplication.php(141): CWebApplication->runController('favicon.ico')
#1 /home1/owomoyel/yii/framework/base/CApplication.php(180): CWebApplication->processRequest()
#2 /home1/owomoyel/public_html/subdomain_ano/index.php(13): CApplication->run()
#3 {main}
REQUEST_URI=/favicon.ico
---
2013/08/20 15:44:03 [error] [exception.CHttpException.404] exception 'CHttpException' with message 'Unable to resolve the request "favicon.ico".' in /home1/owomoyel/yii/framework/web/CWebApplication.php:286
Stack trace:
#0 /home1/owomoyel/yii/framework/web/CWebApplication.php(141): CWebApplication->runController('favicon.ico')
#1 /home1/owomoyel/yii/framework/base/CApplication.php(180): CWebApplication->processRequest()
#2 /home1/owomoyel/public_html/subdomain_ano/index.php(13): CApplication->run()
#3 {main}
REQUEST_URI=/favicon.ico
---
2013/08/20 15:44:04 [error] [exception.CHttpException.404] exception 'CHttpException' with message 'Unable to resolve the request "favicon.ico".' in /home1/owomoyel/yii/framework/web/CWebApplication.php:286
Stack trace:
#0 /home1/owomoyel/yii/framework/web/CWebApplication.php(141): CWebApplication->runController('favicon.ico')
#1 /home1/owomoyel/yii/framework/base/CApplication.php(180): CWebApplication->processRequest()
#2 /home1/owomoyel/public_html/subdomain_ano/index.php(13): CApplication->run()
#3 {main}
REQUEST_URI=/favicon.ico
---
2013/08/20 15:44:05 [error] [exception.CHttpException.404] exception 'CHttpException' with message 'Unable to resolve the request "favicon.ico".' in /home1/owomoyel/yii/framework/web/CWebApplication.php:286
Stack trace:
#0 /home1/owomoyel/yii/framework/web/CWebApplication.php(141): CWebApplication->runController('favicon.ico')
#1 /home1/owomoyel/yii/framework/base/CApplication.php(180): CWebApplication->processRequest()
#2 /home1/owomoyel/public_html/subdomain_ano/index.php(13): CApplication->run()
#3 {main}
REQUEST_URI=/favicon.ico
---
2013/08/20 15:44:06 [error] [exception.CHttpException.404] exception 'CHttpException' with message 'Unable to resolve the request "favicon.ico".' in /home1/owomoyel/yii/framework/web/CWebApplication.php:286
Stack trace:
#0 /home1/owomoyel/yii/framework/web/CWebApplication.php(141): CWebApplication->runController('favicon.ico')
#1 /home1/owomoyel/yii/framework/base/CApplication.php(180): CWebApplication->processRequest()
#2 /home1/owomoyel/public_html/subdomain_ano/index.php(13): CApplication->run()
#3 {main}
REQUEST_URI=/favicon.ico
---
2013/08/20 15:44:07 [error] [exception.CHttpException.404] exception 'CHttpException' with message 'Unable to resolve the request "favicon.ico".' in /home1/owomoyel/yii/framework/web/CWebApplication.php:286
Stack trace:
#0 /home1/owomoyel/yii/framework/web/CWebApplication.php(141): CWebApplication->runController('favicon.ico')
#1 /home1/owomoyel/yii/framework/base/CApplication.php(180): CWebApplication->processRequest()
#2 /home1/owomoyel/public_html/subdomain_ano/index.php(13): CApplication->run()
#3 {main}
REQUEST_URI=/favicon.ico
---
2013/08/20 15:53:35 [error] [exception.CHttpException.404] exception 'CHttpException' with message 'Unable to resolve the request "favicon.ico".' in /home1/owomoyel/yii/framework/web/CWebApplication.php:286
Stack trace:
#0 /home1/owomoyel/yii/framework/web/CWebApplication.php(141): CWebApplication->runController('favicon.ico')
#1 /home1/owomoyel/yii/framework/base/CApplication.php(180): CWebApplication->processRequest()
#2 /home1/owomoyel/public_html/subdomain_ano/index.php(13): CApplication->run()
#3 {main}
REQUEST_URI=/favicon.ico
---
2013/08/20 15:53:36 [error] [exception.CHttpException.404] exception 'CHttpException' with message 'Unable to resolve the request "favicon.ico".' in /home1/owomoyel/yii/framework/web/CWebApplication.php:286
Stack trace:
#0 /home1/owomoyel/yii/framework/web/CWebApplication.php(141): CWebApplication->runController('favicon.ico')
#1 /home1/owomoyel/yii/framework/base/CApplication.php(180): CWebApplication->processRequest()
#2 /home1/owomoyel/public_html/subdomain_ano/index.php(13): CApplication->run()
#3 {main}
REQUEST_URI=/favicon.ico
---
2013/08/20 15:53:37 [error] [exception.CHttpException.404] exception 'CHttpException' with message 'Unable to resolve the request "favicon.ico".' in /home1/owomoyel/yii/framework/web/CWebApplication.php:286
Stack trace:
#0 /home1/owomoyel/yii/framework/web/CWebApplication.php(141): CWebApplication->runController('favicon.ico')
#1 /home1/owomoyel/yii/framework/base/CApplication.php(180): CWebApplication->processRequest()
#2 /home1/owomoyel/public_html/subdomain_ano/index.php(13): CApplication->run()
#3 {main}
REQUEST_URI=/favicon.ico
---
2013/08/20 15:53:39 [error] [exception.CHttpException.404] exception 'CHttpException' with message 'Unable to resolve the request "favicon.ico".' in /home1/owomoyel/yii/framework/web/CWebApplication.php:286
Stack trace:
#0 /home1/owomoyel/yii/framework/web/CWebApplication.php(141): CWebApplication->runController('favicon.ico')
#1 /home1/owomoyel/yii/framework/base/CApplication.php(180): CWebApplication->processRequest()
#2 /home1/owomoyel/public_html/subdomain_ano/index.php(13): CApplication->run()
#3 {main}
REQUEST_URI=/favicon.ico
---
2013/08/20 15:53:40 [error] [exception.CHttpException.404] exception 'CHttpException' with message 'Unable to resolve the request "favicon.ico".' in /home1/owomoyel/yii/framework/web/CWebApplication.php:286
Stack trace:
#0 /home1/owomoyel/yii/framework/web/CWebApplication.php(141): CWebApplication->runController('favicon.ico')
#1 /home1/owomoyel/yii/framework/base/CApplication.php(180): CWebApplication->processRequest()
#2 /home1/owomoyel/public_html/subdomain_ano/index.php(13): CApplication->run()
#3 {main}
REQUEST_URI=/favicon.ico
---
2013/08/20 15:53:41 [error] [exception.CHttpException.404] exception 'CHttpException' with message 'Unable to resolve the request "favicon.ico".' in /home1/owomoyel/yii/framework/web/CWebApplication.php:286
Stack trace:
#0 /home1/owomoyel/yii/framework/web/CWebApplication.php(141): CWebApplication->runController('favicon.ico')
#1 /home1/owomoyel/yii/framework/base/CApplication.php(180): CWebApplication->processRequest()
#2 /home1/owomoyel/public_html/subdomain_ano/index.php(13): CApplication->run()
#3 {main}
REQUEST_URI=/favicon.ico
---
2013/08/20 15:53:42 [error] [exception.CHttpException.404] exception 'CHttpException' with message 'Unable to resolve the request "favicon.ico".' in /home1/owomoyel/yii/framework/web/CWebApplication.php:286
Stack trace:
#0 /home1/owomoyel/yii/framework/web/CWebApplication.php(141): CWebApplication->runController('favicon.ico')
#1 /home1/owomoyel/yii/framework/base/CApplication.php(180): CWebApplication->processRequest()
#2 /home1/owomoyel/public_html/subdomain_ano/index.php(13): CApplication->run()
#3 {main}
REQUEST_URI=/favicon.ico
---
2013/08/20 15:53:42 [error] [exception.CHttpException.404] exception 'CHttpException' with message 'Unable to resolve the request "favicon.ico".' in /home1/owomoyel/yii/framework/web/CWebApplication.php:286
Stack trace:
#0 /home1/owomoyel/yii/framework/web/CWebApplication.php(141): CWebApplication->runController('favicon.ico')
#1 /home1/owomoyel/yii/framework/base/CApplication.php(180): CWebApplication->processRequest()
#2 /home1/owomoyel/public_html/subdomain_ano/index.php(13): CApplication->run()
#3 {main}
REQUEST_URI=/favicon.ico
---
2013/08/20 15:53:43 [error] [exception.CHttpException.404] exception 'CHttpException' with message 'Unable to resolve the request "favicon.ico".' in /home1/owomoyel/yii/framework/web/CWebApplication.php:286
Stack trace:
#0 /home1/owomoyel/yii/framework/web/CWebApplication.php(141): CWebApplication->runController('favicon.ico')
#1 /home1/owomoyel/yii/framework/base/CApplication.php(180): CWebApplication->processRequest()
#2 /home1/owomoyel/public_html/subdomain_ano/index.php(13): CApplication->run()
#3 {main}
REQUEST_URI=/favicon.ico
---
2013/08/20 15:54:09 [error] [exception.CHttpException.404] exception 'CHttpException' with message 'Unable to resolve the request "web/index".' in /home1/owomoyel/yii/framework/web/CWebApplication.php:286
Stack trace:
#0 /home1/owomoyel/yii/framework/web/CWebApplication.php(141): CWebApplication->runController('web/index')
#1 /home1/owomoyel/yii/framework/base/CApplication.php(180): CWebApplication->processRequest()
#2 /home1/owomoyel/public_html/subdomain_ano/index.php(13): CApplication->run()
#3 {main}
REQUEST_URI=/web/index
HTTP_REFERER=http://ano.owomoyela.net/about
---
2013/08/20 15:54:10 [error] [exception.CHttpException.404] exception 'CHttpException' with message 'Unable to resolve the request "favicon.ico".' in /home1/owomoyel/yii/framework/web/CWebApplication.php:286
Stack trace:
#0 /home1/owomoyel/yii/framework/web/CWebApplication.php(141): CWebApplication->runController('favicon.ico')
#1 /home1/owomoyel/yii/framework/base/CApplication.php(180): CWebApplication->processRequest()
#2 /home1/owomoyel/public_html/subdomain_ano/index.php(13): CApplication->run()
#3 {main}
REQUEST_URI=/favicon.ico
---
2013/08/20 15:54:11 [error] [exception.CHttpException.404] exception 'CHttpException' with message 'Unable to resolve the request "favicon.ico".' in /home1/owomoyel/yii/framework/web/CWebApplication.php:286
Stack trace:
#0 /home1/owomoyel/yii/framework/web/CWebApplication.php(141): CWebApplication->runController('favicon.ico')
#1 /home1/owomoyel/yii/framework/base/CApplication.php(180): CWebApplication->processRequest()
#2 /home1/owomoyel/public_html/subdomain_ano/index.php(13): CApplication->run()
#3 {main}
REQUEST_URI=/favicon.ico
---
2013/08/20 15:54:12 [error] [exception.CHttpException.404] exception 'CHttpException' with message 'Unable to resolve the request "favicon.ico".' in /home1/owomoyel/yii/framework/web/CWebApplication.php:286
Stack trace:
#0 /home1/owomoyel/yii/framework/web/CWebApplication.php(141): CWebApplication->runController('favicon.ico')
#1 /home1/owomoyel/yii/framework/base/CApplication.php(180): CWebApplication->processRequest()
#2 /home1/owomoyel/public_html/subdomain_ano/index.php(13): CApplication->run()
#3 {main}
REQUEST_URI=/favicon.ico
---
2013/08/20 15:54:14 [error] [exception.CHttpException.404] exception 'CHttpException' with message 'Unable to resolve the request "favicon.ico".' in /home1/owomoyel/yii/framework/web/CWebApplication.php:286
Stack trace:
#0 /home1/owomoyel/yii/framework/web/CWebApplication.php(141): CWebApplication->runController('favicon.ico')
#1 /home1/owomoyel/yii/framework/base/CApplication.php(180): CWebApplication->processRequest()
#2 /home1/owomoyel/public_html/subdomain_ano/index.php(13): CApplication->run()
#3 {main}
REQUEST_URI=/favicon.ico
---
2013/08/20 15:54:15 [error] [exception.CHttpException.404] exception 'CHttpException' with message 'Unable to resolve the request "favicon.ico".' in /home1/owomoyel/yii/framework/web/CWebApplication.php:286
Stack trace:
#0 /home1/owomoyel/yii/framework/web/CWebApplication.php(141): CWebApplication->runController('favicon.ico')
#1 /home1/owomoyel/yii/framework/base/CApplication.php(180): CWebApplication->processRequest()
#2 /home1/owomoyel/public_html/subdomain_ano/index.php(13): CApplication->run()
#3 {main}
REQUEST_URI=/favicon.ico
---
2013/08/20 15:54:17 [error] [exception.CHttpException.404] exception 'CHttpException' with message 'Unable to resolve the request "favicon.ico".' in /home1/owomoyel/yii/framework/web/CWebApplication.php:286
Stack trace:
#0 /home1/owomoyel/yii/framework/web/CWebApplication.php(141): CWebApplication->runController('favicon.ico')
#1 /home1/owomoyel/yii/framework/base/CApplication.php(180): CWebApplication->processRequest()
#2 /home1/owomoyel/public_html/subdomain_ano/index.php(13): CApplication->run()
#3 {main}
REQUEST_URI=/favicon.ico
---
2013/08/20 15:54:18 [error] [exception.CHttpException.404] exception 'CHttpException' with message 'Unable to resolve the request "favicon.ico".' in /home1/owomoyel/yii/framework/web/CWebApplication.php:286
Stack trace:
#0 /home1/owomoyel/yii/framework/web/CWebApplication.php(141): CWebApplication->runController('favicon.ico')
#1 /home1/owomoyel/yii/framework/base/CApplication.php(180): CWebApplication->processRequest()
#2 /home1/owomoyel/public_html/subdomain_ano/index.php(13): CApplication->run()
#3 {main}
REQUEST_URI=/favicon.ico
---
2013/08/20 15:54:19 [error] [exception.CHttpException.404] exception 'CHttpException' with message 'Unable to resolve the request "favicon.ico".' in /home1/owomoyel/yii/framework/web/CWebApplication.php:286
Stack trace:
#0 /home1/owomoyel/yii/framework/web/CWebApplication.php(141): CWebApplication->runController('favicon.ico')
#1 /home1/owomoyel/yii/framework/base/CApplication.php(180): CWebApplication->processRequest()
#2 /home1/owomoyel/public_html/subdomain_ano/index.php(13): CApplication->run()
#3 {main}
REQUEST_URI=/favicon.ico
---
